.68000
ram_start equ 0xff0000
  TMSS_REG equ 0xa14000
  HW_VERSION equ 0xa10001
  VDP_DATA equ 0xc00000
  VDP_CTRL equ 0xc00004
  Z80_RAM equ 0xa00000
  Z80_BUSREQ equ 0xa11100
  Z80_RESET equ 0xa11200

  ;-------------------------------:
  ; exception vectors
  ;-------------------------------:

  dc32 0x00000000   ; startup SP
  dc32 start        ; startup PC
  dc32 interrupt    ; bus
  dc32 interrupt    ; addr
  dc32 interrupt    ; illegal
  dc32 interrupt    ; divzero
  dc32 interrupt    ; CHK
  dc32 interrupt    ; TRAPV
  dc32 interrupt    ; priv
  dc32 interrupt    ; trace
  dc32 interrupt    ; line 1010 emulator
  dc32 interrupt    ; line 1111 emulator
  dc32 interrupt
  dc32 interrupt
  dc32 interrupt
  dc32 interrupt
  dc32 interrupt
  dc32 interrupt
  dc32 interrupt
  dc32 interrupt
  dc32 interrupt
  dc32 interrupt
  dc32 interrupt
  dc32 interrupt
  dc32 interrupt    ; spurious interrupt
  dc32 interrupt    ; interrupt level 1 (lowest priority)
  dc32 extint       ; interrupt level 2 = external interrupt
  dc32 interrupt    ; interrupt level 3
  dc32 hsync        ; interrupt level 4 = H-sync interrupt
  dc32 interrupt    ; interrupt level 5
  dc32 vsync        ; interrupt level 6 = V-sync interrupt
  dc32 interrupt    ; interrupt level 7 (highest priority)
  dc32 interrupt    ; TRAP #00 exception
  dc32 interrupt    ; TRAP #01 exception
  dc32 interrupt    ; TRAP #02 exception
  dc32 interrupt    ; TRAP #03 exception
  dc32 interrupt    ; TRAP #04 exception
  dc32 interrupt    ; TRAP #05 exception
  dc32 interrupt    ; TRAP #06 exception
  dc32 interrupt    ; TRAP #07 exception
  dc32 interrupt    ; TRAP #08 exception
  dc32 interrupt    ; TRAP #09 exception
  dc32 interrupt    ; TRAP #10 exception
  dc32 interrupt    ; TRAP #11 exception
  dc32 interrupt    ; TRAP #12 exception
  dc32 interrupt    ; TRAP #13 exception
  dc32 interrupt    ; TRAP #14 exception
  dc32 interrupt    ; TRAP #15 exception
  dc32 interrupt    ; Unused (reserved)
  dc32 interrupt    ; Unused (reserved)
  dc32 interrupt    ; Unused (reserved)
  dc32 interrupt    ; Unused (reserved)
  dc32 interrupt    ; Unused (reserved)
  dc32 interrupt    ; Unused (reserved)
  dc32 interrupt    ; Unused (reserved)
  dc32 interrupt    ; Unused (reserved)
  dc32 interrupt    ; Unused (reserved)
  dc32 interrupt    ; Unused (reserved)
  dc32 interrupt    ; Unused (reserved)
  dc32 interrupt    ; Unused (reserved)
  dc32 interrupt    ; Unused (reserved)
  dc32 interrupt    ; Unused (reserved)
  dc32 interrupt    ; Unused (reserved)
  dc32 interrupt    ; Unused (reserved)

  ;-------------------------------:
  ; cartridge info header
  ;-------------------------------:

  dc.b "SEGA GENESIS    "  ; must start with "SEGA"
  dc.b "(C)---- "          ; copyright
  dc.b "2015.MAY"          ; date
  dc.b "JAVA GRINDER                                    " ; cart name
  dc.b "JAVA GRINDER                                    " ; cart name (alt. language)
  dc.b "GM MK-0000 -00"    ; program type / catalog number
  dc.w 0x0000                ; ROM checksum
  dc.b "J               "  ; hardware used
  dc32 0x00000000            ; start of ROM
  dc32 0x003fffff            ; end of ROM
  dc32 0x00ff0000,0x00ffffff ; RAM start/end
  dc.b "            "      ; backup RAM info
  dc.b "            "      ; modem info
  dc.b "                                        " ; comment
  dc.b "JUE             "  ; regions allowed

  ;-------------------------------:
  ; exception handlers
  ;-------------------------------:

extint:
hsync:
vsync:
interrupt:
  rte

0x0200: 4e73 rte                                     


ImageJavaGrinder_image equ ram_start+0
ImageJavaGrinder_palette equ ram_start+4
ImageJavaGrinder_pattern equ ram_start+8
start:
  movea.l #0x0, SP

0x0202: 2e7c movea.l #0x0, a7                        
        0000
        0000


  ; Setup registers used to talk to VDP
  movea.l #VDP_DATA, a0

0x0208: 207c movea.l #0xc00000, a0                   
        00c0
        0000

  movea.l #VDP_CTRL, a1

0x020e: 227c movea.l #0xc00004, a1                   
        00c0
        0004


  ; During initialization:
  ; d0 = 0
  ; d1 = data movement
  ; d2 = counter
  eor.l d0, d0

0x0214: b180 eor.l d0, d0                            


  ; Initialize TMSS
  movea.l #HW_VERSION, a2

0x0216: 247c movea.l #0xa10001, a2                   
        00a1
        0001

  movea.l #TMSS_REG, a3

0x021c: 267c movea.l #0xa14000, a3                   
        00a1
        4000

  move.b (a2), d1           ; A10001 test the hardware version

0x0222: 1212 move.b (a2), d1                         

  andi.b #0x0f, d1

0x0224: 0201 andi.b #0x0f, d1                        
        000f

  beq.b start_init_tmss     ; branch if no TMSS

0x0228: 6706 beq.s 0x230 (6)                         

  move.l #0x53454741, (a3)  ; A14000 disable TMSS

0x022a: 26bc move.l #0x53454741, (a3)                
        5345
        4741

start_init_tmss:
  move.w (a1), d1    ; C00004 read VDP status (interrupt acknowledge?)

0x0230: 3211 move.w (a1), d1                         


  ; Initialize video
  movea.l #vdp_reg_init_table, a2

0x0232: 247c movea.l #0x1898, a2                     
        0000
        1898

  move.w #0x8000, d1

0x0238: 323c move.w #0x8000, d1                      
        8000

  moveq #24-1, d2   ; length of video initialization block

0x023c: 7417 moveq #23, d2                           

start_video_init:
  move.b (a2)+, d1  ; get next video control byte

0x023e: 121a move.b (a2)+, d1                        

  move.w d1, (a1)   ; C00004 send write register command to VDP

0x0240: 3281 move.w d1, (a1)                         

  add.w #0x100, d1  ; point to next VDP register

0x0242: 0641 addi.w #0x0100, d1                      
        0100

  dbra d2, start_video_init  ; loop for rest of block

0x0246: 51ca dbra d2, 0x23e (-10)                    
        fff6


  ; DMA is now set up for 65535-byte fill of VRAM
  move.l #0x40000080, (a1)  ; C00004 = VRAM write to 0x0000

0x024a: 22bc move.l #0x40000080, (a1)                
        4000
        0080

  move.w d0, (a0)      ; C00000 = write zero to VRAM (starts DMA fill)

0x0250: 3080 move.w d0, (a0)                         

  ; Wait on busy VDP
start_wait_dma:
  move.w (a1), d1      ; C00004 read VDP status

0x0252: 3211 move.w (a1), d1                         

  btst #1, d1        ; test DMA busy flag

0x0254: 0801 btst #1, d1                             
        0001

  bne.s start_wait_dma ; loop while DMA busy

0x0258: 66f8 bne.s 0x252 (-8)                        


  ; initialize CRAM
  move.l #0x81048f02, (a1) ; C00004 reg 1 = 0x04, reg 15 = 0x02: blank, auto-increment=2

0x025a: 22bc move.l #0x81048f02, (a1)                
        8104
        8f02

  move.l #0xc0000000, (a1) ; C00004 write CRAM address 0x0000

0x0260: 22bc move.l #0xc0000000, (a1)                
        c000
        0000

  moveq #32-1, d2          ; loop for 32 CRAM registers

0x0266: 741f moveq #31, d2                           

start_init_cram:
  move.l d0, (a0)          ; C00000 clear CRAM register

0x0268: 2080 move.l d0, (a0)                         

  dbra d2, start_init_cram

0x026a: 51ca dbra d2, 0x268 (-4)                     
        fffc


  ; Initialize VSRAM
  move.l #0x40000010, (a1) ; C00004 VSRAM write address 0x0000

0x026e: 22bc move.l #0x40000010, (a1)                
        4000
        0010

  moveq #20-1, d2          ; loop for 20 VSRAM registers

0x0274: 7413 moveq #19, d2                           

start_init_vsram:
  move.l d0, (a0)          ; C00000 clear VSRAM register

0x0276: 2080 move.l d0, (a0)                         

  dbra d2, start_init_vsram

0x0278: 51ca dbra d2, 0x276 (-4)                     
        fffc


  ; Initialize PSG
  moveq #4-1, d2             ; loop for 4 PSG registers

0x027c: 7403 moveq #3, d2                            

  movea.l #psg_reg_init_table, a2

0x027e: 247c movea.l #0x18b0, a2                     
        0000
        18b0

start_init_psg:
  move.b (a2)+, (0x0011, a0) ; C00011 copy PSG initialization commands

0x0284: 115a move.b (a2)+, (17,a0)                   
        0011

  dbra d2, start_init_psg

0x0288: 51ca dbra d2, 0x284 (-6)                     
        fffa


  ; Unblank display
  move.w #0x8144, (a1)   ; C00004 reg 1 = 0x44 unblank display

0x028c: 32bc move.w #0x8144, (a1)                    
        8144


  ;; Setup heap and static initializers
  movea.l #ram_start+12, a5

0x0290: 2a7c movea.l #0xff000c, a5                   
        00ff
        000c

  move.l #_ImageJavaGrinder_pattern, (ImageJavaGrinder_pattern)

0x0296: 23fc move.l #0x310, (0xff0008)               
        0000
        0310
        00ff
        0008

  move.l #_ImageJavaGrinder_image, (ImageJavaGrinder_image)

0x02a0: 23fc move.l #0xfb4, (0xff0000)               
        0000
        0fb4
        00ff
        0000

  move.l #_ImageJavaGrinder_palette, (ImageJavaGrinder_palette)

0x02aa: 23fc move.l #0x1878, (0xff0004)              
        0000
        1878
        00ff
        0004


main:
  link a6, #-0x4

0x02b4: 4e56 link.w a6, #-4                          
        fffc

  // setPalettePointer(49)
  move.l #0xc0620000, (a1) ; Set CRAM write address

0x02b8: 22bc move.l #0xc0620000, (a1)                
        c062
        0000

  move.w #0xeee, (a0)      ; setPaletteColor()

0x02be: 30bc move.w #0xeee, (a0)                     
        0eee

  jsr (_load_fonts).l

0x02c2: 4eb9 jsr (0x18b4)                            
        0000
        18b4

  jsr (_clear_text).l

0x02c8: 4eb9 jsr (0x1c2c)                            
        0000
        1c2c

  ;; invoke_static_method() name=ImageJavaGrinder_run params=0 is_void=1
  jsr ImageJavaGrinder_run

0x02ce: 4eba jsr (6,PC)                              
        0006

  unlk a6

0x02d2: 4e5e unlk a6                                 

  rts

0x02d4: 4e75 rts                                     


ImageJavaGrinder_run:
  movea.l #ImageJavaGrinder_palette, a2

0x02d6: 247c movea.l #0xff0004, a2                   
        00ff
        0004

  move.l (a2), d0

0x02dc: 2012 move.l (a2), d0                         

  movea.l d0, a3

0x02de: 2640 movea.l d0, a3                          

  jsr (_set_palette_colors).l

0x02e0: 4eb9 jsr (0x1c92)                            
        0000
        1c92

  movea.l #ImageJavaGrinder_pattern, a2

0x02e6: 247c movea.l #0xff0008, a2                   
        00ff
        0008

  move.l (a2), d0

0x02ec: 2012 move.l (a2), d0                         

  movea.l d0, a3

0x02ee: 2640 movea.l d0, a3                          

  moveq.l #0, d7

0x02f0: 7e00 moveq #0, d7                            

  jsr (_set_pattern_table).l

0x02f2: 4eb9 jsr (0x1c44)                            
        0000
        1c44

  movea.l #ImageJavaGrinder_image, a2

0x02f8: 247c movea.l #0xff0000, a2                   
        00ff
        0000

  move.l (a2), d0

0x02fe: 2012 move.l (a2), d0                         

  movea.l d0, a3

0x0300: 2640 movea.l d0, a3                          

  jsr (_set_image_data).l

0x0302: 4eb9 jsr (0x1c6a)                            
        0000
        1c6a

  rts

0x0308: 4e75 rts                                     


.align 32
  dc32 808   ; ImageJavaGrinder_pattern.length
_ImageJavaGrinder_pattern:
  dc32 0x0000, 0x0000, 0x0000, 0x0000, 0x0000, 0x0000, 0x0000, 0x0000
  dc32 0x11111111, 0x11111111, 0x11111111, 0x11111111, 0x11111111, 0x11111111, 0x11111111, 0x11111111
  dc32 0x11111111, 0x11111111, 0x11110000, 0x11110000, 0x11111100, 0x11111100, 0x11111122, 0x11111122
  dc32 0x11111111, 0x11111111, 0x0000, 0x0000, 0x0000, 0x0000, 0x22000000, 0x22000000
  dc32 0x11111111, 0x11111111, 0x0000, 0x0000, 0x0000, 0x0000, 0x0000, 0x0000
  dc32 0x11111111, 0x11111111, 0x0011, 0x0011, 0x0000, 0x0000, 0x0000, 0x0000
  dc32 0x11111111, 0x11111111, 0x11110000, 0x11110000, 0x11110000, 0x11110000, 0x33112200, 0x33112200
  dc32 0x11111111, 0x11111111, 0x11111111, 0x11111111, 0x11111111, 0x11111111, 0x33111111, 0x33111111
  dc32 0x11111111, 0x11111111, 0x11111111, 0x11111111, 0x11111100, 0x11111100, 0x11111100, 0x11111100
  dc32 0x11111111, 0x11111111, 0x1111, 0x1111, 0x111111, 0x111111, 0x111111, 0x111111
  dc32 0x11111111, 0x11111111, 0x11111100, 0x11111100, 0x11111100, 0x11111100, 0x11113300, 0x11113300
  dc32 0x11112211, 0x11112211, 0x0000, 0x0000, 0x0000, 0x0000, 0x0000, 0x0000
  dc32 0x11111111, 0x11111111, 0x11111111, 0x11111111, 0x111111, 0x111111, 0x331111, 0x331111
  dc32 0x11111111, 0x11111111, 0x11110000, 0x11110000, 0x11110000, 0x11110000, 0x11112200, 0x11112200
  dc32 0x11111111, 0x11111111, 0x1111, 0x1111, 0x111100, 0x111100, 0x111122, 0x111122
  dc32 0x11112211, 0x11112211, 0x0000, 0x0000, 0x0000, 0x0000, 0x22222222, 0x22222222
  dc32 0x11111111, 0x11111111, 0x0000, 0x0000, 0x0000, 0x0000, 0x22222222, 0x22222222
  dc32 0x11111111, 0x11111111, 0x0000, 0x0000, 0x0022, 0x0022, 0x22222211, 0x22222211
  dc32 0x11111111, 0x11111111, 0x11110000, 0x11110000, 0x11000000, 0x11000000, 0x11000000, 0x11000000
  dc32 0x11440000, 0x11440000, 0x11115555, 0x11115555, 0x11111111, 0x11111111, 0x11111111, 0x11111111
  dc32 0x0000, 0x0000, 0x55555555, 0x55555555, 0x11111111, 0x11111111, 0x11111111, 0x11111111
  dc32 0x111144, 0x111144, 0x111111, 0x111111, 0x111111, 0x111111, 0x111111, 0x111111
  dc32 0x0000, 0x0000, 0x0000, 0x0000, 0x66000000, 0x66000000, 0x11330000, 0x11330000
  dc32 0x331111, 0x331111, 0x1111, 0x1111, 0x5555, 0x5555, 0x0000, 0x0000
  dc32 0x11111111, 0x11111111, 0x11111111, 0x11111111, 0x55555555, 0x55555555, 0x0000, 0x0000
  dc32 0x11113300, 0x11113300, 0x11660000, 0x11660000, 0x55000000, 0x55000000, 0x0000, 0x0000
  dc32 0x0000, 0x0000, 0x0055, 0x0055, 0x0011, 0x0011, 0x3311, 0x3311
  dc32 0x44111111, 0x44111111, 0x11111111, 0x11111111, 0x11111111, 0x11111111, 0x11111111, 0x11111111
  dc32 0x11330000, 0x11330000, 0x11000000, 0x11000000, 0x55000000, 0x55000000, 0x0000, 0x0000
  dc32 0x1111, 0x1111, 0x6611, 0x6611, 0x0011, 0x0011, 0x0044, 0x0044
  dc32 0x11111144, 0x11111144, 0x11111111, 0x11111111, 0x11111111, 0x11111111, 0x11111111, 0x11111111
  dc32 0x33000000, 0x33000000, 0x0000, 0x0000, 0x0000, 0x0000, 0x0000, 0x0000
  dc32 0x0044, 0x0044, 0x555511, 0x555511, 0x111111, 0x111111, 0x33111111, 0x33111111
  dc32 0x44444444, 0x44444444, 0x11111111, 0x11111111, 0x11111111, 0x11111111, 0x11111111, 0x11111111
  dc32 0x111111, 0x111111, 0x111111, 0x111111, 0x111111, 0x111111, 0x111111, 0x111111
  dc32 0x11110000, 0x11110000, 0x11113300, 0x11113300, 0x11111100, 0x11111100, 0x11111100, 0x11111100
  dc32 0x0000, 0x0000, 0x330000, 0x330000, 0x11111100, 0x11111100, 0x110000, 0x110000
  dc32 0x331111, 0x331111, 0x111111, 0x111111, 0x111111, 0x111111, 0x11111111, 0x11111111
  dc32 0x11111122, 0x11111122, 0x11112200, 0x11112200, 0x11110000, 0x11110000, 0x11110000, 0x11110000
  dc32 0x333300, 0x333300, 0x111100, 0x111100, 0x11111100, 0x11111100, 0x11111111, 0x11111111
  dc32 0x22111111, 0x22111111, 0x111111, 0x111111, 0x111111, 0x111111, 0x1111, 0x1111
  dc32 0x11111111, 0x11111111, 0x11111111, 0x11111111, 0x11111111, 0x11111111, 0x111111, 0x111111
  dc32 0x11111122, 0x11111122, 0x11111111, 0x11111111, 0x11111111, 0x11111111, 0x11111111, 0x11111111
  dc32 0x0000, 0x0000, 0x44000000, 0x44000000, 0x11000000, 0x11000000, 0x11660000, 0x11660000
  dc32 0x330000, 0x330000, 0x0000, 0x0000, 0x0000, 0x0000, 0x0000, 0x0000
  dc32 0x0022, 0x0022, 0x0011, 0x0011, 0x5511, 0x5511, 0x661111, 0x661111
  dc32 0x11111111, 0x11111111, 0x11111111, 0x11111111, 0x11111111, 0x11111111, 0x11111155, 0x11111155
  dc32 0x11330000, 0x11330000, 0x33000000, 0x33000000, 0x0000, 0x0000, 0x0000, 0x0000
  dc32 0x0022, 0x0022, 0x4411, 0x4411, 0x1111, 0x1111, 0x551111, 0x551111
  dc32 0x22000000, 0x22000000, 0x11000000, 0x11000000, 0x11550000, 0x11550000, 0x11110000, 0x11110000
  dc32 0x3311, 0x3311, 0x0011, 0x0011, 0x0066, 0x0066, 0x0000, 0x0000
  dc32 0x0000, 0x0000, 0x0000, 0x0000, 0x0000, 0x0000, 0x66000000, 0x66000000
  dc32 0x111111, 0x111111, 0x333311, 0x333311, 0x0033, 0x0033, 0x0000, 0x0000
  dc32 0x11111111, 0x11111111, 0x11111111, 0x11111111, 0x33333333, 0x33333333, 0x0000, 0x0000
  dc32 0x0000, 0x0000, 0x0000, 0x0000, 0x33333333, 0x33333333, 0x11111111, 0x11111111
  dc32 0x111111, 0x111111, 0x111111, 0x111111, 0x33111111, 0x33111111, 0x11111111, 0x11111111
  dc32 0x11116600, 0x11116600, 0x11111133, 0x11111133, 0x11111111, 0x11111111, 0x11111111, 0x11111111
  dc32 0x111111, 0x111111, 0x33111111, 0x33111111, 0x11111111, 0x11111111, 0x11111111, 0x11111111
  dc32 0x11114400, 0x11114400, 0x11110000, 0x11110000, 0x11113333, 0x11113333, 0x11111111, 0x11111111
  dc32 0x11113300, 0x11113300, 0x11111133, 0x11111133, 0x11111111, 0x11111111, 0x11111111, 0x11111111
  dc32 0x55111111, 0x55111111, 0x221111, 0x221111, 0x33331111, 0x33331111, 0x11111111, 0x11111111
  dc32 0x11330000, 0x11330000, 0x11113300, 0x11113300, 0x11111133, 0x11111133, 0x11111111, 0x11111111
  dc32 0x0000, 0x0000, 0x0000, 0x0000, 0x0000, 0x0000, 0x11111111, 0x11111111
  dc32 0x11111111, 0x11111111, 0x11111111, 0x11111111, 0x11111111, 0x11111111, 0x22222222, 0x22222222
  dc32 0x0000, 0x0000, 0x0000, 0x0000, 0x0000, 0x0000, 0x77777777, 0x77777777
  dc32 0x888888, 0x888888, 0x99999999, 0x99999999, 0x99999999, 0x99999999, 0x99999999, 0x99999999
  dc32 0x88888888, 0x88888888, 0x99999999, 0x99999999, 0x99999999, 0x99999999, 0x99999999, 0x99999999
  dc32 0x0000, 0x0000, 0x0000, 0x0000, 0x0000, 0x0000, 0xaaaa, 0xaaaa
  dc32 0x0000, 0x0000, 0x0000, 0x0000, 0x0000, 0x0000, 0xaaaaaaaa, 0xaaaaaaaa
  dc32 0x0000, 0x0000, 0xbbbbbbbb, 0xbbbbbbbb, 0x99999999, 0x99999999, 0x99999999, 0x99999999
  dc32 0x99999999, 0x99999999, 0x99999999, 0x99999999, 0x99999999, 0x99999999, 0x99999999, 0x99999999
  dc32 0x0000, 0x0000, 0x0000, 0x0000, 0x9999, 0x9999, 0x9999, 0x9999
  dc32 0x9999, 0x9999, 0x9999, 0x9999, 0x99999999, 0x99999999, 0x99999999, 0x99999999
  dc32 0x99999999, 0x99999999, 0x99999977, 0x99999977, 0x99990000, 0x99990000, 0x99990000, 0x99990000
  dc32 0x99999999, 0x99999999, 0x77777777, 0x77777777, 0x0000, 0x0000, 0x0000, 0x0000
  dc32 0x8888, 0x8888, 0x0000, 0x0000, 0x0000, 0x0000, 0x0000, 0x0000
  dc32 0x99999999, 0x99999999, 0x99999999, 0x99999999, 0xaaaaaaaa, 0xaaaaaaaa, 0x0000, 0x0000
  dc32 0x99998888, 0x99998888, 0x99990000, 0x99990000, 0x9999bbbb, 0x9999bbbb, 0x99999999, 0x99999999
  dc32 0x88880000, 0x88880000, 0x0000, 0x0000, 0xbbbb0000, 0xbbbb0000, 0x99990000, 0x99990000
  dc32 0x0000, 0x0000, 0x0000, 0x0000, 0xbbbb, 0xbbbb, 0x9999, 0x9999
  dc32 0x0000, 0x0000, 0x0000, 0x0000, 0xbbbbbbbb, 0xbbbbbbbb, 0x99999999, 0x99999999
  dc32 0xbbbbbbbb, 0xbbbbbbbb, 0x0000, 0x0000, 0x0000, 0x0000, 0x0000, 0x0000
  dc32 0xbbbb0000, 0xbbbb0000, 0x0000, 0x0000, 0x0000, 0x0000, 0x0000, 0x0000
  dc32 0x0000, 0x0000, 0x0000, 0x0000, 0x8888, 0x8888, 0x9999, 0x9999
  dc32 0xaaaaaaaa, 0xaaaaaaaa, 0x99999999, 0x99999999, 0x99999999, 0x99999999, 0x99999999, 0x99999999
  dc32 0xaaaa9999, 0xaaaa9999, 0x99999999, 0x99999999, 0x99999999, 0x99999999, 0x99999999, 0x99999999
  dc32 0x9999, 0x9999, 0x8888, 0x8888, 0x0000, 0x0000, 0x0000, 0x0000
  dc32 0x99999999, 0x99999999, 0x88888888, 0x88888888, 0x0000, 0x0000, 0x0000, 0x0000
  dc32 0x0000, 0x0000, 0x0000, 0x0000, 0x0000, 0x0000, 0x88888888, 0x88888888
  dc32 0x0000, 0x0000, 0xaaaa, 0xaaaa, 0x9999, 0x9999, 0x88889999, 0x88889999
  dc32 0x0000, 0x0000, 0xaaaaaaaa, 0xaaaaaaaa, 0x99999999, 0x99999999, 0x99999999, 0x99999999
  dc32 0x0000, 0x0000, 0x0000, 0x0000, 0x7799, 0x7799, 0x9999, 0x9999
  dc32 0x99999999, 0x99999999, 0x99999999, 0x99999999, 0x99998888, 0x99998888, 0x99990000, 0x99990000
  dc32 0x99999999, 0x99999999, 0x99999999, 0x99999999, 0x88888888, 0x88888888, 0x0000, 0x0000
  dc32 0xaaaa, 0xaaaa, 0x0000, 0x0000, 0xaaaa, 0xaaaa, 0x9999, 0x9999
  dc32 0xaaaaaaaa, 0xaaaaaaaa, 0x0000, 0x0000, 0xaaaaaaaa, 0xaaaaaaaa, 0x99999999, 0x99999999
  dc32 0xaaaa0000, 0xaaaa0000, 0x0000, 0x0000, 0xaaaaaaaa, 0xaaaaaaaa, 0x99999999, 0x99999999
  dc32 0x0000, 0x0000, 0x0000, 0x0000, 0xaaaaaaaa, 0xaaaaaaaa, 0x99999999, 0x99999999
  dc32 0x8888, 0x8888, 0x9999, 0x9999, 0x9999, 0x9999, 0x99999999, 0x99999999
  dc32 0x88889999, 0x88889999, 0x99999999, 0x99999999, 0x99999999, 0x99999999, 0x99999999, 0x99999999
  dc32 0x99999999, 0x99999999, 0x99999999, 0x99999999, 0x99999999, 0x99999999, 0x0000, 0x0000


.align 32
  dc32 1120   ; ImageJavaGrinder_image.length
_ImageJavaGrinder_image:
  dw 0x0000, 0x0000, 0x0000, 0x0000, 0x0000, 0x0000, 0x0000, 0x0000
  dw 0x0000, 0x0000, 0x0000, 0x0000, 0x0000, 0x0000, 0x0000, 0x0000
  dw 0x0000, 0x0000, 0x0000, 0x0000, 0x0000, 0x0000, 0x0000, 0x0000
  dw 0x0000, 0x0000, 0x0000, 0x0000, 0x0000, 0x0000, 0x0000, 0x0000
  dw 0x0000, 0x0000, 0x0000, 0x0000, 0x0000, 0x0000, 0x0000, 0x0000
  dw 0x0000, 0x0000, 0x0000, 0x0000, 0x0000, 0x0000, 0x0000, 0x0000
  dw 0x0000, 0x0000, 0x0000, 0x0000, 0x0000, 0x0000, 0x0000, 0x0000
  dw 0x0000, 0x0000, 0x0000, 0x0000, 0x0000, 0x0000, 0x0000, 0x0000
  dw 0x0000, 0x0000, 0x0000, 0x0000, 0x0000, 0x0000, 0x0000, 0x0000
  dw 0x0000, 0x0000, 0x0000, 0x0000, 0x0000, 0x0000, 0x0000, 0x0000
  dw 0x0001, 0x0001, 0x0001, 0x0001, 0x0001, 0x0001, 0x0001, 0x0001
  dw 0x0001, 0x0001, 0x0001, 0x0001, 0x0001, 0x0001, 0x0001, 0x0001
  dw 0x0001, 0x0001, 0x0001, 0x0001, 0x0001, 0x0001, 0x0001, 0x0001
  dw 0x0001, 0x0001, 0x0001, 0x0001, 0x0001, 0x0001, 0x0001, 0x0001
  dw 0x0001, 0x0001, 0x0001, 0x0001, 0x0001, 0x0001, 0x0001, 0x0001
  dw 0x0001, 0x0001, 0x0001, 0x0001, 0x0001, 0x0001, 0x0001, 0x0001
  dw 0x0001, 0x0001, 0x0001, 0x0001, 0x0001, 0x0001, 0x0001, 0x0001
  dw 0x0001, 0x0001, 0x0001, 0x0001, 0x0001, 0x0001, 0x0001, 0x0001
  dw 0x0001, 0x0001, 0x0001, 0x0001, 0x0001, 0x0001, 0x0001, 0x0001
  dw 0x0001, 0x0001, 0x0001, 0x0001, 0x0001, 0x0001, 0x0001, 0x0001
  dw 0x0001, 0x0001, 0x0001, 0x0001, 0x0001, 0x0001, 0x0001, 0x0001
  dw 0x0001, 0x0001, 0x0002, 0x0003, 0x0004, 0x0004, 0x0005, 0x0006
  dw 0x0004, 0x0007, 0x0001, 0x0008, 0x0004, 0x0009, 0x0001, 0x000a
  dw 0x000b, 0x000c, 0x0001, 0x000d, 0x0004, 0x0007, 0x0001, 0x0008
  dw 0x0004, 0x000e, 0x000f, 0x0010, 0x0011, 0x0012, 0x0004, 0x0004
  dw 0x0001, 0x0001, 0x0001, 0x0001, 0x0001, 0x0001, 0x0001, 0x0001
  dw 0x0001, 0x0001, 0x0001, 0x0013, 0x0014, 0x0014, 0x0000, 0x0015
  dw 0x0016, 0x0017, 0x0018, 0x0019, 0x001a, 0x001b, 0x0001, 0x001c
  dw 0x0000, 0x001d, 0x0001, 0x001e, 0x0016, 0x0017, 0x0018, 0x0019
  dw 0x001a, 0x001b, 0x0001, 0x0001, 0x0001, 0x001f, 0x0020, 0x0021
  dw 0x0001, 0x0001, 0x0001, 0x0001, 0x0001, 0x0001, 0x0001, 0x0001
  dw 0x0001, 0x0001, 0x0001, 0x0001, 0x0001, 0x0001, 0x0000, 0x0022
  dw 0x0023, 0x0000, 0x0024, 0x0000, 0x0025, 0x0001, 0x0026, 0x0000
  dw 0x0027, 0x0000, 0x0028, 0x0001, 0x0023, 0x0000, 0x0024, 0x0000
  dw 0x0025, 0x0001, 0x0001, 0x0001, 0x0001, 0x0000, 0x0029, 0x0001
  dw 0x0001, 0x0001, 0x0001, 0x0001, 0x0001, 0x0001, 0x0001, 0x0001
  dw 0x0001, 0x0001, 0x0001, 0x0001, 0x0001, 0x0001, 0x0000, 0x0022
  dw 0x002a, 0x002b, 0x002c, 0x002d, 0x0001, 0x002e, 0x002f, 0x0030
  dw 0x0001, 0x0031, 0x0032, 0x0001, 0x002a, 0x002b, 0x002c, 0x002d
  dw 0x0001, 0x0001, 0x0001, 0x0001, 0x0001, 0x0033, 0x0034, 0x0035
  dw 0x0001, 0x0001, 0x0001, 0x0001, 0x0001, 0x0001, 0x0001, 0x0001
  dw 0x0001, 0x0001, 0x0001, 0x0001, 0x0001, 0x0001, 0x0036, 0x0037
  dw 0x0001, 0x0038, 0x0036, 0x0039, 0x0001, 0x003a, 0x0036, 0x0039
  dw 0x0001, 0x003b, 0x0036, 0x003c, 0x0001, 0x0038, 0x0036, 0x0039
  dw 0x0001, 0x0001, 0x0001, 0x0001, 0x0001, 0x003d, 0x003e, 0x003e
  dw 0x0001, 0x0001, 0x0001, 0x0001, 0x0001, 0x0001, 0x0001, 0x0001
  dw 0x0001, 0x0001, 0x0001, 0x0001, 0x0001, 0x0001, 0x0001, 0x0001
  dw 0x0001, 0x0001, 0x0001, 0x0001, 0x0001, 0x0001, 0x0001, 0x0001
  dw 0x0001, 0x0001, 0x0001, 0x0001, 0x0001, 0x0001, 0x0001, 0x0001
  dw 0x0001, 0x0001, 0x0001, 0x0001, 0x0001, 0x0001, 0x0001, 0x0001
  dw 0x003f, 0x003f, 0x003f, 0x003f, 0x003f, 0x003f, 0x003f, 0x003f
  dw 0x003f, 0x003f, 0x003f, 0x003f, 0x003f, 0x003f, 0x003f, 0x003f
  dw 0x003f, 0x003f, 0x003f, 0x003f, 0x003f, 0x003f, 0x003f, 0x003f
  dw 0x003f, 0x003f, 0x003f, 0x003f, 0x003f, 0x003f, 0x003f, 0x003f
  dw 0x003f, 0x003f, 0x003f, 0x003f, 0x003f, 0x003f, 0x003f, 0x003f
  dw 0x0000, 0x0000, 0x0000, 0x0000, 0x0000, 0x0000, 0x0000, 0x0000
  dw 0x0000, 0x0000, 0x0000, 0x0000, 0x0000, 0x0000, 0x0000, 0x0000
  dw 0x0000, 0x0000, 0x0000, 0x0000, 0x0000, 0x0000, 0x0000, 0x0000
  dw 0x0000, 0x0000, 0x0000, 0x0000, 0x0000, 0x0000, 0x0000, 0x0000
  dw 0x0000, 0x0000, 0x0000, 0x0000, 0x0000, 0x0000, 0x0000, 0x0000
  dw 0x0000, 0x0000, 0x0000, 0x0000, 0x0000, 0x0000, 0x0000, 0x0000
  dw 0x0000, 0x0000, 0x0000, 0x0000, 0x0000, 0x0000, 0x0000, 0x0000
  dw 0x0000, 0x0000, 0x0000, 0x0000, 0x0000, 0x0000, 0x0000, 0x0000
  dw 0x0000, 0x0000, 0x0000, 0x0000, 0x0000, 0x0000, 0x0000, 0x0000
  dw 0x0000, 0x0000, 0x0000, 0x0000, 0x0000, 0x0000, 0x0000, 0x0000
  dw 0x0000, 0x0000, 0x0000, 0x0000, 0x0000, 0x0000, 0x0000, 0x0000
  dw 0x0000, 0x0000, 0x0000, 0x0000, 0x0000, 0x0000, 0x0000, 0x0000
  dw 0x0000, 0x0000, 0x0000, 0x0000, 0x0000, 0x0000, 0x0000, 0x0000
  dw 0x0000, 0x0000, 0x0000, 0x0000, 0x0000, 0x0000, 0x0000, 0x0000
  dw 0x0000, 0x0000, 0x0000, 0x0000, 0x0000, 0x0000, 0x0000, 0x0000
  dw 0x0000, 0x0000, 0x0000, 0x0000, 0x0000, 0x0000, 0x0000, 0x0000
  dw 0x0000, 0x0000, 0x0000, 0x0000, 0x0000, 0x0000, 0x0000, 0x0000
  dw 0x0000, 0x0000, 0x0000, 0x0000, 0x0000, 0x0000, 0x0000, 0x0000
  dw 0x0000, 0x0000, 0x0000, 0x0000, 0x0000, 0x0000, 0x0000, 0x0000
  dw 0x0000, 0x0000, 0x0000, 0x0000, 0x0000, 0x0000, 0x0000, 0x0000
  dw 0x0000, 0x0000, 0x0000, 0x0000, 0x0000, 0x0000, 0x0000, 0x0000
  dw 0x0000, 0x0000, 0x0000, 0x0000, 0x0000, 0x0000, 0x0000, 0x0000
  dw 0x0000, 0x0000, 0x0000, 0x0000, 0x0000, 0x0000, 0x0000, 0x0000
  dw 0x0000, 0x0000, 0x0000, 0x0000, 0x0000, 0x0000, 0x0000, 0x0000
  dw 0x0000, 0x0000, 0x0000, 0x0000, 0x0000, 0x0000, 0x0000, 0x0000
  dw 0x0000, 0x0000, 0x0000, 0x0000, 0x0000, 0x0000, 0x0000, 0x0000
  dw 0x0000, 0x0000, 0x0000, 0x0000, 0x0000, 0x0000, 0x0000, 0x0000
  dw 0x0000, 0x0000, 0x0000, 0x0000, 0x0000, 0x0000, 0x0000, 0x0000
  dw 0x0000, 0x0000, 0x0000, 0x0000, 0x0000, 0x0000, 0x0000, 0x0000
  dw 0x0000, 0x0000, 0x0000, 0x0000, 0x0000, 0x0000, 0x0000, 0x0000
  dw 0x0000, 0x0000, 0x0000, 0x0000, 0x0000, 0x0000, 0x0000, 0x0000
  dw 0x0000, 0x0000, 0x0000, 0x0000, 0x0000, 0x0000, 0x0000, 0x0000
  dw 0x0000, 0x0000, 0x0000, 0x0000, 0x0000, 0x0000, 0x0000, 0x0000
  dw 0x0000, 0x0000, 0x0000, 0x0000, 0x0000, 0x0000, 0x0000, 0x0000
  dw 0x0000, 0x0000, 0x0000, 0x0000, 0x0000, 0x0000, 0x0000, 0x0000
  dw 0x0000, 0x0000, 0x0000, 0x0000, 0x0000, 0x0000, 0x0000, 0x0000
  dw 0x0000, 0x0000, 0x0000, 0x0000, 0x0000, 0x0000, 0x0000, 0x0000
  dw 0x0000, 0x0000, 0x0000, 0x0000, 0x0000, 0x0000, 0x0000, 0x0000
  dw 0x0000, 0x0000, 0x0000, 0x0000, 0x0000, 0x0000, 0x0000, 0x0000
  dw 0x0000, 0x0000, 0x0040, 0x0041, 0x0042, 0x0042, 0x0042, 0x0042
  dw 0x0000, 0x0000, 0x0000, 0x0000, 0x0000, 0x0000, 0x0000, 0x0000
  dw 0x0000, 0x0000, 0x0000, 0x0000, 0x0000, 0x0000, 0x0000, 0x0000
  dw 0x0000, 0x0000, 0x0000, 0x0000, 0x0000, 0x0000, 0x0000, 0x0000
  dw 0x0000, 0x0000, 0x0000, 0x0000, 0x0000, 0x0043, 0x0044, 0x0044
  dw 0x0045, 0x0045, 0x0046, 0x0046, 0x0046, 0x0046, 0x0046, 0x0046
  dw 0x0000, 0x0000, 0x0000, 0x0000, 0x0000, 0x0000, 0x0000, 0x0000
  dw 0x0000, 0x0000, 0x0000, 0x0000, 0x0000, 0x0000, 0x0000, 0x0000
  dw 0x0000, 0x0000, 0x0000, 0x0000, 0x0000, 0x0000, 0x0000, 0x0000
  dw 0x0000, 0x0000, 0x0000, 0x0000, 0x0047, 0x0048, 0x0046, 0x0046
  dw 0x0049, 0x004a, 0x004a, 0x004a, 0x004a, 0x004a, 0x004a, 0x004a
  dw 0x0000, 0x0000, 0x0000, 0x0000, 0x0000, 0x0000, 0x0000, 0x0000
  dw 0x0000, 0x0000, 0x0000, 0x0000, 0x0000, 0x0000, 0x0000, 0x0000
  dw 0x0000, 0x0000, 0x0000, 0x0000, 0x0000, 0x0000, 0x0000, 0x0000
  dw 0x0000, 0x0000, 0x0000, 0x0000, 0x004b, 0x004c, 0x0046, 0x004d
  dw 0x004e, 0x0000, 0x0000, 0x0000, 0x0000, 0x004f, 0x0050, 0x0050
  dw 0x0000, 0x0000, 0x0000, 0x0000, 0x0000, 0x0000, 0x0000, 0x0000
  dw 0x0000, 0x0000, 0x0000, 0x0000, 0x0000, 0x0000, 0x0000, 0x0000
  dw 0x0000, 0x0000, 0x0000, 0x0000, 0x0000, 0x0000, 0x0000, 0x0000
  dw 0x0000, 0x0000, 0x0000, 0x0000, 0x0000, 0x0000, 0x0051, 0x0051
  dw 0x0052, 0x0000, 0x0053, 0x0054, 0x0054, 0x0055, 0x0046, 0x0046
  dw 0x0000, 0x0000, 0x0000, 0x0000, 0x0000, 0x0000, 0x0000, 0x0000
  dw 0x0000, 0x0000, 0x0000, 0x0000, 0x0000, 0x0000, 0x0000, 0x0000
  dw 0x0000, 0x0000, 0x0000, 0x0000, 0x0000, 0x0000, 0x0000, 0x0000
  dw 0x0000, 0x0000, 0x0000, 0x0000, 0x0000, 0x0000, 0x0000, 0x0000
  dw 0x0000, 0x0000, 0x0056, 0x0057, 0x0057, 0x0057, 0x0057, 0x0057
  dw 0x0000, 0x0000, 0x0000, 0x0000, 0x0000, 0x0000, 0x0000, 0x0000
  dw 0x0000, 0x0000, 0x0000, 0x0000, 0x0000, 0x0000, 0x0000, 0x0000
  dw 0x0000, 0x0000, 0x0000, 0x0000, 0x0000, 0x0000, 0x0000, 0x0000
  dw 0x0000, 0x0000, 0x0000, 0x0000, 0x0000, 0x0000, 0x0000, 0x0000
  dw 0x0000, 0x0000, 0x0058, 0x0059, 0x005a, 0x005a, 0x005a, 0x005a
  dw 0x0000, 0x0000, 0x0000, 0x0000, 0x0000, 0x0000, 0x0000, 0x0000
  dw 0x0000, 0x0000, 0x0000, 0x0000, 0x0000, 0x0000, 0x0000, 0x0000
  dw 0x0000, 0x0000, 0x0000, 0x0000, 0x0000, 0x0000, 0x0000, 0x0000
  dw 0x0000, 0x0000, 0x0000, 0x0000, 0x0000, 0x0000, 0x0000, 0x0000
  dw 0x0000, 0x005b, 0x0046, 0x0046, 0x0046, 0x005c, 0x005d, 0x005d
  dw 0x0000, 0x0000, 0x0000, 0x0000, 0x0000, 0x0000, 0x0000, 0x0000
  dw 0x0000, 0x0000, 0x0000, 0x0000, 0x0000, 0x0000, 0x0000, 0x0000
  dw 0x0000, 0x0000, 0x0000, 0x0000, 0x0000, 0x0000, 0x0000, 0x0000
  dw 0x0000, 0x0000, 0x0000, 0x0000, 0x0000, 0x0000, 0x0000, 0x0000
  dw 0x0000, 0x005e, 0x005f, 0x005f, 0x005f, 0x0060, 0x0061, 0x0061
  dw 0x0000, 0x0000, 0x0000, 0x0000, 0x0000, 0x0000, 0x0000, 0x0000
  dw 0x0000, 0x0000, 0x0000, 0x0000, 0x0000, 0x0000, 0x0000, 0x0000
  dw 0x0000, 0x0000, 0x0000, 0x0000, 0x0000, 0x0000, 0x0000, 0x0000
  dw 0x0000, 0x0000, 0x0000, 0x0000, 0x0000, 0x0000, 0x0000, 0x0062
  dw 0x0042, 0x0063, 0x0064, 0x0064, 0x0064, 0x0064, 0x0064, 0x0064


.align 32
  dc32 16   ; ImageJavaGrinder_palette.length
_ImageJavaGrinder_palette:
  dw 0x0eee, 0x000e, 0x022e, 0x0aae, 0x044e, 0x066e, 0x088e, 0x0e22
  dw 0x0ecc, 0x0e00, 0x0eaa, 0x0e66, 0x0000, 0x0000, 0x0000, 0x0000


  ; VDP register initialization (24 bytes)
.align 32
vdp_reg_init_table:
  dc.b  0x04  ; reg  0 = mode reg 1: no H interrupt
  dc.b  0x14  ; reg  1 = mode reg 2: blanked, no V interrupt, DMA enable
  dc.b  0x38  ; reg  2 = name table base for scroll A: 0xe000
  dc.b  0x3c  ; reg  3 = name table base for window:   0xf000
  dc.b  0x06  ; reg  4 = name table base for scroll B: 0xc000
  dc.b  0x6c  ; reg  5 = sprite attribute table base: 0xd800
  dc.b  0x00  ; reg  6 = unused register: 0x00
  dc.b  0x00  ; reg  7 = background color: 0x00
  dc.b  0x00  ; reg  8 = unused register: 0x00
  dc.b  0x00  ; reg  9 = unused register: 0x00
  dc.b  0xff  ; reg 10 = H interrupt register: 0xFF (esentially off)
  dc.b  0x03  ; reg 11 = mode reg 3: disable ext int, full H/V scroll
  dc.b  0x81  ; reg 12 = mode reg 4: 40 cell horiz mode, no interlace
  dc.b  0x3f  ; reg 13 = H scroll table base: 0xfc00
  dc.b  0x00  ; reg 14 = unused register: 0x00
  dc.b  0x02  ; reg 15 = auto increment: 0x02
  dc.b  0x01  ; reg 16 = scroll size: V=32 cell, H=64 cell
  dc.b  0x00  ; reg 17 = window H position: 0x00
  dc.b  0x00  ; reg 18 = window V position: 0x00
  dc.b  0xff  ; reg 19 = DMA length count low:   0x00ff
  dc.b  0xff  ; reg 20 = DMA length count high:  0xffxx
  dc.b  0x00  ; reg 21 = DMA source address low: 0xxxxx00
  dc.b  0x00  ; reg 22 = DMA source address mid: 0xxx00xx
  dc.b  0x80  ; reg 23 = DMA source address high: VRAM fill, addr = 0x00xxxx

  ; PSG initialization: set all channels to minimum volume
psg_reg_init_table:
  dc.b  0x9f,0xbf,0xdf,0xff

_load_fonts:
  move.w #((fontend - font) / 4) - 1, d6

0x18b4: 3c3c move.w #0xd7, d6                        
        00d7

  move.l #0x4c000002, (a1)  ; C00004 VRAM write to 0x8c00

0x18b8: 22bc move.l #0x4c000002, (a1)                
        4c00
        0002

  movea.l #font, a2         ; Point to font set

0x18be: 247c movea.l #0x18cc, a2                     
        0000
        18cc

_load_fonts_loop:
  move.l (a2)+, (a0)        ; C00000 write next longword of charset to VDP

0x18c4: 209a move.l (a2)+, (a0)                      

  dbra d6, _load_fonts_loop ; loop until done

0x18c6: 51ce dbra d6, 0x18c4 (-4)                    
        fffc

  rts

0x18ca: 4e75 rts                                     


.align 32
font:
  dc32 0x01111100, 0x11000110, 0x11000110, 0x11000110 ; A
  dc32 0x11111110, 0x11000110, 0x11000110, 0x00000000
  dc32 0x11111100, 0x11000110, 0x11000110, 0x11111100 ; B
  dc32 0x11000110, 0x11000110, 0x11111100, 0x00000000
  dc32 0x11111110, 0x11000110, 0x11000110, 0x11000000 ; C
  dc32 0x11000110, 0x11000110, 0x11111110, 0x00000000
  dc32 0x11111100, 0x11000110, 0x11000110, 0x11000110 ; D
  dc32 0x11000110, 0x11000110, 0x11111100, 0x00000000
  dc32 0x11111110, 0x11000000, 0x11000000, 0x11111100 ; E
  dc32 0x11000000, 0x11000000, 0x11111110, 0x00000000
  dc32 0x11111110, 0x11000000, 0x11000000, 0x11111100 ; F
  dc32 0x11000000, 0x11000000, 0x11000000, 0x00000000
  dc32 0x11111110, 0x11000110, 0x11000000, 0x11001110 ; G
  dc32 0x11000110, 0x11000110, 0x11111110, 0x00000000
  dc32 0x11000110, 0x11000110, 0x11000110, 0x11111110 ; H
  dc32 0x11000110, 0x11000110, 0x11000110, 0x00000000
  dc32 0x00111000, 0x00111000, 0x00111000, 0x00111000 ; I
  dc32 0x00111000, 0x00111000, 0x00111000, 0x00000000
  dc32 0x00000110, 0x00000110, 0x00000110, 0x00000110 ; J
  dc32 0x00000110, 0x01100110, 0x01111110, 0x00000000
  dc32 0x11000110, 0x11001100, 0x11111000, 0x11111000 ; K
  dc32 0x11001100, 0x11000110, 0x11000110, 0x00000000
  dc32 0x01100000, 0x01100000, 0x01100000, 0x01100000 ; L
  dc32 0x01100000, 0x01100000, 0x01111110, 0x00000000
  dc32 0x11000110, 0x11101110, 0x11111110, 0x11010110 ; M
  dc32 0x11000110, 0x11000110, 0x11000110, 0x00000000
  dc32 0x11000110, 0x11100110, 0x11110110, 0x11011110 ; N
  dc32 0x11001110, 0x11000110, 0x11000110, 0x00000000
  dc32 0x11111110, 0x11000110, 0x11000110, 0x11000110 ; O
  dc32 0x11000110, 0x11000110, 0x11111110, 0x00000000
  dc32 0x11111110, 0x11000110, 0x11000110, 0x11111110 ; P
  dc32 0x11000000, 0x11000000, 0x11000000, 0x00000000
  dc32 0x11111110, 0x11000110, 0x11000110, 0x11000110 ; Q
  dc32 0x11001110, 0x11001110, 0x11111110, 0x00000000
  dc32 0x11111110, 0x11000110, 0x11000110, 0x11111100 ; R
  dc32 0x11000110, 0x11000110, 0x11000110, 0x00000000
  dc32 0x11111110, 0x11000110, 0x11000000, 0x11111110 ; S
  dc32 0x00000110, 0x11000110, 0x11111110, 0x00000000
  dc32 0x11111110, 0x00111000, 0x00111000, 0x00111000 ; T
  dc32 0x00111000, 0x00111000, 0x00111000, 0x00000000
  dc32 0x11000110, 0x11000110, 0x11000110, 0x11000110 ; U
  dc32 0x11000110, 0x11000110, 0x11111110, 0x00000000
  dc32 0x11000110, 0x11000110, 0x11000110, 0x11000110 ; V
  dc32 0x01101100, 0x00111000, 0x00010000, 0x00000000
  dc32 0x11000110, 0x11000110, 0x11000110, 0x11010110 ; W
  dc32 0x11111110, 0x11101110, 0x11000110, 0x00000000
  dc32 0x11000110, 0x11000110, 0x11101110, 0x01111100 ; X
  dc32 0x11101110, 0x11000110, 0x11000110, 0x00000000
  dc32 0x11000110, 0x11000110, 0x11000110, 0x01101100 ; Y
  dc32 0x00111000, 0x00111000, 0x00111000, 0x00000000
  dc32 0x11111110, 0x00001110, 0x00011100, 0x00111000 ; Z
  dc32 0x01110000, 0x11100000, 0x11111110, 0x00000000
  dc32 0x00000000, 0x00000000, 0x00000000, 0x00000000 ; ' '
  dc32 0x00000000, 0x00000000, 0x00000000, 0x00000000
fontend:

_clear_text:
  move.w #(64 * 32 / 2) - 1, d6

0x1c2c: 3c3c move.w #0x3ff, d6                       
        03ff

  move.l #0x60000003, (a1)  ; C00004 VRAM write to 0xe000

0x1c30: 22bc move.l #0x60000003, (a1)                
        6000
        0003

  move.l #((1120 + (']' - 'A')) << 16) | (1120 + (']' - 'A')), d7

0x1c36: 2e3c move.l #0x47c047c, d7                   
        047c
        047c

_clear_text_loop:
  move.l d7, (a0)           ; C00000 write next longword of ' ' to VDP

0x1c3c: 2087 move.l d7, (a0)                         

  dbra d6, _clear_text_loop ; loop until done

0x1c3e: 51ce dbra d6, 0x1c3c (-4)                    
        fffc

  rts

0x1c42: 4e75 rts                                     


_set_pattern_table:
  lsl.l #5, d7               ; pattern_index * 32

0x1c44: eb8f lsl.l #5, d7                            

  move.l d7, d5

0x1c46: 2a07 move.l d7, d5                           

  rol.w #2, d5

0x1c48: e55d rol.w #2, d5                            

  and.w #3, d5               ; d5 = upper 2 bits moved to lower 2 bits

0x1c4a: ca7c and.w #0x3, d5                          
        0003

  and.w #0x3ffe, d7          ; d7 = lower 13 bits

0x1c4e: ce7c and.w #0x3ffe, d7                       
        3ffe

  or.w #0x4000, d7

0x1c52: 8e7c or.w #0x4000, d7                        
        4000

  swap d7

0x1c56: 4847 swap d7                                 

  or.w d5, d7

0x1c58: 8e45 or.w d5, d7                             

  move.l d7, (a1)

0x1c5a: 2287 move.l d7, (a1)                         

  move.l (-4,a3), d5         ; Code len

0x1c5c: 2a2b move.l (-4,a3), d5                      
        fffc

  subq.l #1, d5

0x1c60: 5385 subq.l #1, d5                           

_set_pattern_table_loop:
  move.l (a3)+, (a0)

0x1c62: 209b move.l (a3)+, (a0)                      

  dbf d5, _set_pattern_table_loop

0x1c64: 51cd dbra d5, 0x1c62 (-4)                    
        fffc

  rts

0x1c68: 4e75 rts                                     


_set_image_data:
  move.l #0x40000003, d7     ; Set cursor position in VDP

0x1c6a: 2e3c move.l #0x40000003, d7                  
        4000
        0003

  move.l d7, (a1)

0x1c70: 2287 move.l d7, (a1)                         

  move.l (-4,a3), d5         ; Code len

0x1c72: 2a2b move.l (-4,a3), d5                      
        fffc

  eor.w d6, d6

0x1c76: bd46 eor.w d6, d6                            

_set_image_data_loop:
  move.w (a3)+, (a0)

0x1c78: 309b move.w (a3)+, (a0)                      

  add.w #1, d6

0x1c7a: 5246 addq.w #1, d6                           

  cmp.w #40, d6

0x1c7c: bc7c cmp.w #0x28, d6                         
        0028

  bne.s _set_image_data_not_40

0x1c80: 660a bne.s 0x1c8c (10)                       

  eor.w d6, d6

0x1c82: bd46 eor.w d6, d6                            

  add.l #0x00800000, d7

0x1c84: 0687 addi.l #0x00800000, d7                  
        0080
        0000

  move.l d7, (a1)

0x1c8a: 2287 move.l d7, (a1)                         

_set_image_data_not_40:
  dbf d5, _set_image_data_loop

0x1c8c: 51cd dbra d5, 0x1c78 (-22)                   
        ffea

  rts

0x1c90: 4e75 rts                                     


_set_palette_colors:
  move.l #0xc0000000, (a1)   ; C00004 write CRAM address 0x0000

0x1c92: 22bc move.l #0xc0000000, (a1)                
        c000
        0000

  move.l (-4,a3), d5         ; Code len

0x1c98: 2a2b move.l (-4,a3), d5                      
        fffc

_set_palette_colors_loop:
  move.w (a3)+, (a0)

0x1c9c: 309b move.w (a3)+, (a0)                      

  dbf d5, _set_palette_colors_loop

0x1c9e: 51cd dbra d5, 0x1c9c (-4)                    
        fffc

  rts

0x1ca2: 4e75 rts                                     



data sections:
0000: 00 00 00 00 00 00 02 02 00 00 02 00 00 00 02 00  ................
0010: 00 00 02 00 00 00 02 00 00 00 02 00 00 00 02 00  ................
0020: 00 00 02 00 00 00 02 00 00 00 02 00 00 00 02 00  ................
0030: 00 00 02 00 00 00 02 00 00 00 02 00 00 00 02 00  ................
0040: 00 00 02 00 00 00 02 00 00 00 02 00 00 00 02 00  ................
0050: 00 00 02 00 00 00 02 00 00 00 02 00 00 00 02 00  ................
0060: 00 00 02 00 00 00 02 00 00 00 02 00 00 00 02 00  ................
0070: 00 00 02 00 00 00 02 00 00 00 02 00 00 00 02 00  ................
0080: 00 00 02 00 00 00 02 00 00 00 02 00 00 00 02 00  ................
0090: 00 00 02 00 00 00 02 00 00 00 02 00 00 00 02 00  ................
00a0: 00 00 02 00 00 00 02 00 00 00 02 00 00 00 02 00  ................
00b0: 00 00 02 00 00 00 02 00 00 00 02 00 00 00 02 00  ................
00c0: 00 00 02 00 00 00 02 00 00 00 02 00 00 00 02 00  ................
00d0: 00 00 02 00 00 00 02 00 00 00 02 00 00 00 02 00  ................
00e0: 00 00 02 00 00 00 02 00 00 00 02 00 00 00 02 00  ................
00f0: 00 00 02 00 00 00 02 00 00 00 02 00 00 00 02 00  ................
0100: 53 45 47 41 20 47 45 4e 45 53 49 53 20 20 20 20  SEGA GENESIS    
0110: 28 43 29 2d 2d 2d 2d 20 32 30 31 35 2e 4d 41 59  (C)---- 2015.MAY
0120: 4a 41 56 41 20 47 52 49 4e 44 45 52 20 20 20 20  JAVA GRINDER    
0130: 20 20 20 20 20 20 20 20 20 20 20 20 20 20 20 20                  
0140: 20 20 20 20 20 20 20 20 20 20 20 20 20 20 20 20                  
0150: 4a 41 56 41 20 47 52 49 4e 44 45 52 20 20 20 20  JAVA GRINDER    
0160: 20 20 20 20 20 20 20 20 20 20 20 20 20 20 20 20                  
0170: 20 20 20 20 20 20 20 20 20 20 20 20 20 20 20 20                  
0180: 47 4d 20 4d 4b 2d 30 30 30 30 20 2d 30 30 00 00  GM MK-0000 -00..
0190: 4a 20 20 20 20 20 20 20 20 20 20 20 20 20 20 20  J               
01a0: 00 00 00 00 00 3f ff ff 00 ff 00 00 00 ff ff ff  .....?..........
01b0: 20 20 20 20 20 20 20 20 20 20 20 20 20 20 20 20                  
01c0: 20 20 20 20 20 20 20 20 20 20 20 20 20 20 20 20                  
01d0: 20 20 20 20 20 20 20 20 20 20 20 20 20 20 20 20                  
01e0: 20 20 20 20 20 20 20 20 20 20 20 20 20 20 20 20                  
01f0: 4a 55 45 20 20 20 20 20 20 20 20 20 20 20 20 20  JUE             
030c: 00 00 03 28 00 00 00 00 00 00 00 00 00 00 00 00  ...(............
031c: 00 00 00 00 00 00 00 00 00 00 00 00 00 00 00 00  ................
032c: 00 00 00 00 11 11 11 11 11 11 11 11 11 11 11 11  ................
033c: 11 11 11 11 11 11 11 11 11 11 11 11 11 11 11 11  ................
034c: 11 11 11 11 11 11 11 11 11 11 11 11 11 11 00 00  ................
035c: 11 11 00 00 11 11 11 00 11 11 11 00 11 11 11 22  ..............."
036c: 11 11 11 22 11 11 11 11 11 11 11 11 00 00 00 00  ..."............
037c: 00 00 00 00 00 00 00 00 00 00 00 00 22 00 00 00  ............"...
038c: 22 00 00 00 11 11 11 11 11 11 11 11 00 00 00 00  "...............
039c: 00 00 00 00 00 00 00 00 00 00 00 00 00 00 00 00  ................
03ac: 00 00 00 00 11 11 11 11 11 11 11 11 00 00 00 11  ................
03bc: 00 00 00 11 00 00 00 00 00 00 00 00 00 00 00 00  ................
03cc: 00 00 00 00 11 11 11 11 11 11 11 11 11 11 00 00  ................
03dc: 11 11 00 00 11 11 00 00 11 11 00 00 33 11 22 00  ............3.".
03ec: 33 11 22 00 11 11 11 11 11 11 11 11 11 11 11 11  3.".............
03fc: 11 11 11 11 11 11 11 11 11 11 11 11 33 11 11 11  ............3...
040c: 33 11 11 11 11 11 11 11 11 11 11 11 11 11 11 11  3...............
041c: 11 11 11 11 11 11 11 00 11 11 11 00 11 11 11 00  ................
042c: 11 11 11 00 11 11 11 11 11 11 11 11 00 00 11 11  ................
043c: 00 00 11 11 00 11 11 11 00 11 11 11 00 11 11 11  ................
044c: 00 11 11 11 11 11 11 11 11 11 11 11 11 11 11 00  ................
045c: 11 11 11 00 11 11 11 00 11 11 11 00 11 11 33 00  ..............3.
046c: 11 11 33 00 11 11 22 11 11 11 22 11 00 00 00 00  ..3..."...".....
047c: 00 00 00 00 00 00 00 00 00 00 00 00 00 00 00 00  ................
048c: 00 00 00 00 11 11 11 11 11 11 11 11 11 11 11 11  ................
049c: 11 11 11 11 00 11 11 11 00 11 11 11 00 33 11 11  .............3..
04ac: 00 33 11 11 11 11 11 11 11 11 11 11 11 11 00 00  .3..............
04bc: 11 11 00 00 11 11 00 00 11 11 00 00 11 11 22 00  ..............".
04cc: 11 11 22 00 11 11 11 11 11 11 11 11 00 00 11 11  ..".............
04dc: 00 00 11 11 00 11 11 00 00 11 11 00 00 11 11 22  ..............."
04ec: 00 11 11 22 11 11 22 11 11 11 22 11 00 00 00 00  ...".."...".....
04fc: 00 00 00 00 00 00 00 00 00 00 00 00 22 22 22 22  ............""""
050c: 22 22 22 22 11 11 11 11 11 11 11 11 00 00 00 00  """"............
051c: 00 00 00 00 00 00 00 00 00 00 00 00 22 22 22 22  ............""""
052c: 22 22 22 22 11 11 11 11 11 11 11 11 00 00 00 00  """"............
053c: 00 00 00 00 00 00 00 22 00 00 00 22 22 22 22 11  ......."..."""".
054c: 22 22 22 11 11 11 11 11 11 11 11 11 11 11 00 00  """.............
055c: 11 11 00 00 11 00 00 00 11 00 00 00 11 00 00 00  ................
056c: 11 00 00 00 11 44 00 00 11 44 00 00 11 11 55 55  .....D...D....UU
057c: 11 11 55 55 11 11 11 11 11 11 11 11 11 11 11 11  ..UU............
058c: 11 11 11 11 00 00 00 00 00 00 00 00 55 55 55 55  ............UUUU
059c: 55 55 55 55 11 11 11 11 11 11 11 11 11 11 11 11  UUUU............
05ac: 11 11 11 11 00 11 11 44 00 11 11 44 00 11 11 11  .......D...D....
05bc: 00 11 11 11 00 11 11 11 00 11 11 11 00 11 11 11  ................
05cc: 00 11 11 11 00 00 00 00 00 00 00 00 00 00 00 00  ................
05dc: 00 00 00 00 66 00 00 00 66 00 00 00 11 33 00 00  ....f...f....3..
05ec: 11 33 00 00 00 33 11 11 00 33 11 11 00 00 11 11  .3...3...3......
05fc: 00 00 11 11 00 00 55 55 00 00 55 55 00 00 00 00  ......UU..UU....
060c: 00 00 00 00 11 11 11 11 11 11 11 11 11 11 11 11  ................
061c: 11 11 11 11 55 55 55 55 55 55 55 55 00 00 00 00  ....UUUUUUUU....
062c: 00 00 00 00 11 11 33 00 11 11 33 00 11 66 00 00  ......3...3..f..
063c: 11 66 00 00 55 00 00 00 55 00 00 00 00 00 00 00  .f..U...U.......
064c: 00 00 00 00 00 00 00 00 00 00 00 00 00 00 00 55  ...............U
065c: 00 00 00 55 00 00 00 11 00 00 00 11 00 00 33 11  ...U..........3.
066c: 00 00 33 11 44 11 11 11 44 11 11 11 11 11 11 11  ..3.D...D.......
067c: 11 11 11 11 11 11 11 11 11 11 11 11 11 11 11 11  ................
068c: 11 11 11 11 11 33 00 00 11 33 00 00 11 00 00 00  .....3...3......
069c: 11 00 00 00 55 00 00 00 55 00 00 00 00 00 00 00  ....U...U.......
06ac: 00 00 00 00 00 00 11 11 00 00 11 11 00 00 66 11  ..............f.
06bc: 00 00 66 11 00 00 00 11 00 00 00 11 00 00 00 44  ..f............D
06cc: 00 00 00 44 11 11 11 44 11 11 11 44 11 11 11 11  ...D...D...D....
06dc: 11 11 11 11 11 11 11 11 11 11 11 11 11 11 11 11  ................
06ec: 11 11 11 11 33 00 00 00 33 00 00 00 00 00 00 00  ....3...3.......
06fc: 00 00 00 00 00 00 00 00 00 00 00 00 00 00 00 00  ................
070c: 00 00 00 00 00 00 00 44 00 00 00 44 00 55 55 11  .......D...D.UU.
071c: 00 55 55 11 00 11 11 11 00 11 11 11 33 11 11 11  .UU.........3...
072c: 33 11 11 11 44 44 44 44 44 44 44 44 11 11 11 11  3...DDDDDDDD....
073c: 11 11 11 11 11 11 11 11 11 11 11 11 11 11 11 11  ................
074c: 11 11 11 11 00 11 11 11 00 11 11 11 00 11 11 11  ................
075c: 00 11 11 11 00 11 11 11 00 11 11 11 00 11 11 11  ................
076c: 00 11 11 11 11 11 00 00 11 11 00 00 11 11 33 00  ..............3.
077c: 11 11 33 00 11 11 11 00 11 11 11 00 11 11 11 00  ..3.............
078c: 11 11 11 00 00 00 00 00 00 00 00 00 00 33 00 00  .............3..
079c: 00 33 00 00 11 11 11 00 11 11 11 00 00 11 00 00  .3..............
07ac: 00 11 00 00 00 33 11 11 00 33 11 11 00 11 11 11  .....3...3......
07bc: 00 11 11 11 00 11 11 11 00 11 11 11 11 11 11 11  ................
07cc: 11 11 11 11 11 11 11 22 11 11 11 22 11 11 22 00  ......."..."..".
07dc: 11 11 22 00 11 11 00 00 11 11 00 00 11 11 00 00  ..".............
07ec: 11 11 00 00 00 33 33 00 00 33 33 00 00 11 11 00  .....33..33.....
07fc: 00 11 11 00 11 11 11 00 11 11 11 00 11 11 11 11  ................
080c: 11 11 11 11 22 11 11 11 22 11 11 11 00 11 11 11  ...."...".......
081c: 00 11 11 11 00 11 11 11 00 11 11 11 00 00 11 11  ................
082c: 00 00 11 11 11 11 11 11 11 11 11 11 11 11 11 11  ................
083c: 11 11 11 11 11 11 11 11 11 11 11 11 00 11 11 11  ................
084c: 00 11 11 11 11 11 11 22 11 11 11 22 11 11 11 11  ......."..."....
085c: 11 11 11 11 11 11 11 11 11 11 11 11 11 11 11 11  ................
086c: 11 11 11 11 00 00 00 00 00 00 00 00 44 00 00 00  ............D...
087c: 44 00 00 00 11 00 00 00 11 00 00 00 11 66 00 00  D............f..
088c: 11 66 00 00 00 33 00 00 00 33 00 00 00 00 00 00  .f...3...3......
089c: 00 00 00 00 00 00 00 00 00 00 00 00 00 00 00 00  ................
08ac: 00 00 00 00 00 00 00 22 00 00 00 22 00 00 00 11  ......."..."....
08bc: 00 00 00 11 00 00 55 11 00 00 55 11 00 66 11 11  ......U...U..f..
08cc: 00 66 11 11 11 11 11 11 11 11 11 11 11 11 11 11  .f..............
08dc: 11 11 11 11 11 11 11 11 11 11 11 11 11 11 11 55  ...............U
08ec: 11 11 11 55 11 33 00 00 11 33 00 00 33 00 00 00  ...U.3...3..3...
08fc: 33 00 00 00 00 00 00 00 00 00 00 00 00 00 00 00  3...............
090c: 00 00 00 00 00 00 00 22 00 00 00 22 00 00 44 11  ......."..."..D.
091c: 00 00 44 11 00 00 11 11 00 00 11 11 00 55 11 11  ..D..........U..
092c: 00 55 11 11 22 00 00 00 22 00 00 00 11 00 00 00  .U.."...".......
093c: 11 00 00 00 11 55 00 00 11 55 00 00 11 11 00 00  .....U...U......
094c: 11 11 00 00 00 00 33 11 00 00 33 11 00 00 00 11  ......3...3.....
095c: 00 00 00 11 00 00 00 66 00 00 00 66 00 00 00 00  .......f...f....
096c: 00 00 00 00 00 00 00 00 00 00 00 00 00 00 00 00  ................
097c: 00 00 00 00 00 00 00 00 00 00 00 00 66 00 00 00  ............f...
098c: 66 00 00 00 00 11 11 11 00 11 11 11 00 33 33 11  f............33.
099c: 00 33 33 11 00 00 00 33 00 00 00 33 00 00 00 00  .33....3...3....
09ac: 00 00 00 00 11 11 11 11 11 11 11 11 11 11 11 11  ................
09bc: 11 11 11 11 33 33 33 33 33 33 33 33 00 00 00 00  ....33333333....
09cc: 00 00 00 00 00 00 00 00 00 00 00 00 00 00 00 00  ................
09dc: 00 00 00 00 33 33 33 33 33 33 33 33 11 11 11 11  ....33333333....
09ec: 11 11 11 11 00 11 11 11 00 11 11 11 00 11 11 11  ................
09fc: 00 11 11 11 33 11 11 11 33 11 11 11 11 11 11 11  ....3...3.......
0a0c: 11 11 11 11 11 11 66 00 11 11 66 00 11 11 11 33  ......f...f....3
0a1c: 11 11 11 33 11 11 11 11 11 11 11 11 11 11 11 11  ...3............
0a2c: 11 11 11 11 00 11 11 11 00 11 11 11 33 11 11 11  ............3...
0a3c: 33 11 11 11 11 11 11 11 11 11 11 11 11 11 11 11  3...............
0a4c: 11 11 11 11 11 11 44 00 11 11 44 00 11 11 00 00  ......D...D.....
0a5c: 11 11 00 00 11 11 33 33 11 11 33 33 11 11 11 11  ......33..33....
0a6c: 11 11 11 11 11 11 33 00 11 11 33 00 11 11 11 33  ......3...3....3
0a7c: 11 11 11 33 11 11 11 11 11 11 11 11 11 11 11 11  ...3............
0a8c: 11 11 11 11 55 11 11 11 55 11 11 11 00 22 11 11  ....U...U...."..
0a9c: 00 22 11 11 33 33 11 11 33 33 11 11 11 11 11 11  ."..33..33......
0aac: 11 11 11 11 11 33 00 00 11 33 00 00 11 11 33 00  .....3...3....3.
0abc: 11 11 33 00 11 11 11 33 11 11 11 33 11 11 11 11  ..3....3...3....
0acc: 11 11 11 11 00 00 00 00 00 00 00 00 00 00 00 00  ................
0adc: 00 00 00 00 00 00 00 00 00 00 00 00 11 11 11 11  ................
0aec: 11 11 11 11 11 11 11 11 11 11 11 11 11 11 11 11  ................
0afc: 11 11 11 11 11 11 11 11 11 11 11 11 22 22 22 22  ............""""
0b0c: 22 22 22 22 00 00 00 00 00 00 00 00 00 00 00 00  """"............
0b1c: 00 00 00 00 00 00 00 00 00 00 00 00 77 77 77 77  ............wwww
0b2c: 77 77 77 77 00 88 88 88 00 88 88 88 99 99 99 99  wwww............
0b3c: 99 99 99 99 99 99 99 99 99 99 99 99 99 99 99 99  ................
0b4c: 99 99 99 99 88 88 88 88 88 88 88 88 99 99 99 99  ................
0b5c: 99 99 99 99 99 99 99 99 99 99 99 99 99 99 99 99  ................
0b6c: 99 99 99 99 00 00 00 00 00 00 00 00 00 00 00 00  ................
0b7c: 00 00 00 00 00 00 00 00 00 00 00 00 00 00 aa aa  ................
0b8c: 00 00 aa aa 00 00 00 00 00 00 00 00 00 00 00 00  ................
0b9c: 00 00 00 00 00 00 00 00 00 00 00 00 aa aa aa aa  ................
0bac: aa aa aa aa 00 00 00 00 00 00 00 00 bb bb bb bb  ................
0bbc: bb bb bb bb 99 99 99 99 99 99 99 99 99 99 99 99  ................
0bcc: 99 99 99 99 99 99 99 99 99 99 99 99 99 99 99 99  ................
0bdc: 99 99 99 99 99 99 99 99 99 99 99 99 99 99 99 99  ................
0bec: 99 99 99 99 00 00 00 00 00 00 00 00 00 00 00 00  ................
0bfc: 00 00 00 00 00 00 99 99 00 00 99 99 00 00 99 99  ................
0c0c: 00 00 99 99 00 00 99 99 00 00 99 99 00 00 99 99  ................
0c1c: 00 00 99 99 99 99 99 99 99 99 99 99 99 99 99 99  ................
0c2c: 99 99 99 99 99 99 99 99 99 99 99 99 99 99 99 77  ...............w
0c3c: 99 99 99 77 99 99 00 00 99 99 00 00 99 99 00 00  ...w............
0c4c: 99 99 00 00 99 99 99 99 99 99 99 99 77 77 77 77  ............wwww
0c5c: 77 77 77 77 00 00 00 00 00 00 00 00 00 00 00 00  wwww............
0c6c: 00 00 00 00 00 00 88 88 00 00 88 88 00 00 00 00  ................
0c7c: 00 00 00 00 00 00 00 00 00 00 00 00 00 00 00 00  ................
0c8c: 00 00 00 00 99 99 99 99 99 99 99 99 99 99 99 99  ................
0c9c: 99 99 99 99 aa aa aa aa aa aa aa aa 00 00 00 00  ................
0cac: 00 00 00 00 99 99 88 88 99 99 88 88 99 99 00 00  ................
0cbc: 99 99 00 00 99 99 bb bb 99 99 bb bb 99 99 99 99  ................
0ccc: 99 99 99 99 88 88 00 00 88 88 00 00 00 00 00 00  ................
0cdc: 00 00 00 00 bb bb 00 00 bb bb 00 00 99 99 00 00  ................
0cec: 99 99 00 00 00 00 00 00 00 00 00 00 00 00 00 00  ................
0cfc: 00 00 00 00 00 00 bb bb 00 00 bb bb 00 00 99 99  ................
0d0c: 00 00 99 99 00 00 00 00 00 00 00 00 00 00 00 00  ................
0d1c: 00 00 00 00 bb bb bb bb bb bb bb bb 99 99 99 99  ................
0d2c: 99 99 99 99 bb bb bb bb bb bb bb bb 00 00 00 00  ................
0d3c: 00 00 00 00 00 00 00 00 00 00 00 00 00 00 00 00  ................
0d4c: 00 00 00 00 bb bb 00 00 bb bb 00 00 00 00 00 00  ................
0d5c: 00 00 00 00 00 00 00 00 00 00 00 00 00 00 00 00  ................
0d6c: 00 00 00 00 00 00 00 00 00 00 00 00 00 00 00 00  ................
0d7c: 00 00 00 00 00 00 88 88 00 00 88 88 00 00 99 99  ................
0d8c: 00 00 99 99 aa aa aa aa aa aa aa aa 99 99 99 99  ................
0d9c: 99 99 99 99 99 99 99 99 99 99 99 99 99 99 99 99  ................
0dac: 99 99 99 99 aa aa 99 99 aa aa 99 99 99 99 99 99  ................
0dbc: 99 99 99 99 99 99 99 99 99 99 99 99 99 99 99 99  ................
0dcc: 99 99 99 99 00 00 99 99 00 00 99 99 00 00 88 88  ................
0ddc: 00 00 88 88 00 00 00 00 00 00 00 00 00 00 00 00  ................
0dec: 00 00 00 00 99 99 99 99 99 99 99 99 88 88 88 88  ................
0dfc: 88 88 88 88 00 00 00 00 00 00 00 00 00 00 00 00  ................
0e0c: 00 00 00 00 00 00 00 00 00 00 00 00 00 00 00 00  ................
0e1c: 00 00 00 00 00 00 00 00 00 00 00 00 88 88 88 88  ................
0e2c: 88 88 88 88 00 00 00 00 00 00 00 00 00 00 aa aa  ................
0e3c: 00 00 aa aa 00 00 99 99 00 00 99 99 88 88 99 99  ................
0e4c: 88 88 99 99 00 00 00 00 00 00 00 00 aa aa aa aa  ................
0e5c: aa aa aa aa 99 99 99 99 99 99 99 99 99 99 99 99  ................
0e6c: 99 99 99 99 00 00 00 00 00 00 00 00 00 00 00 00  ................
0e7c: 00 00 00 00 00 00 77 99 00 00 77 99 00 00 99 99  ......w...w.....
0e8c: 00 00 99 99 99 99 99 99 99 99 99 99 99 99 99 99  ................
0e9c: 99 99 99 99 99 99 88 88 99 99 88 88 99 99 00 00  ................
0eac: 99 99 00 00 99 99 99 99 99 99 99 99 99 99 99 99  ................
0ebc: 99 99 99 99 88 88 88 88 88 88 88 88 00 00 00 00  ................
0ecc: 00 00 00 00 00 00 aa aa 00 00 aa aa 00 00 00 00  ................
0edc: 00 00 00 00 00 00 aa aa 00 00 aa aa 00 00 99 99  ................
0eec: 00 00 99 99 aa aa aa aa aa aa aa aa 00 00 00 00  ................
0efc: 00 00 00 00 aa aa aa aa aa aa aa aa 99 99 99 99  ................
0f0c: 99 99 99 99 aa aa 00 00 aa aa 00 00 00 00 00 00  ................
0f1c: 00 00 00 00 aa aa aa aa aa aa aa aa 99 99 99 99  ................
0f2c: 99 99 99 99 00 00 00 00 00 00 00 00 00 00 00 00  ................
0f3c: 00 00 00 00 aa aa aa aa aa aa aa aa 99 99 99 99  ................
0f4c: 99 99 99 99 00 00 88 88 00 00 88 88 00 00 99 99  ................
0f5c: 00 00 99 99 00 00 99 99 00 00 99 99 99 99 99 99  ................
0f6c: 99 99 99 99 88 88 99 99 88 88 99 99 99 99 99 99  ................
0f7c: 99 99 99 99 99 99 99 99 99 99 99 99 99 99 99 99  ................
0f8c: 99 99 99 99 99 99 99 99 99 99 99 99 99 99 99 99  ................
0f9c: 99 99 99 99 99 99 99 99 99 99 99 99 00 00 00 00  ................
0fac: 00 00 00 00 00 00 04 60 00 00 00 00 00 00 00 00  .......`........
0fbc: 00 00 00 00 00 00 00 00 00 00 00 00 00 00 00 00  ................
0fcc: 00 00 00 00 00 00 00 00 00 00 00 00 00 00 00 00  ................
0fdc: 00 00 00 00 00 00 00 00 00 00 00 00 00 00 00 00  ................
0fec: 00 00 00 00 00 00 00 00 00 00 00 00 00 00 00 00  ................
0ffc: 00 00 00 00 00 00 00 00 00 00 00 00 00 00 00 00  ................
100c: 00 00 00 00 00 00 00 00 00 00 00 00 00 00 00 00  ................
101c: 00 00 00 00 00 00 00 00 00 00 00 00 00 00 00 00  ................
102c: 00 00 00 00 00 00 00 00 00 00 00 00 00 00 00 00  ................
103c: 00 00 00 00 00 00 00 00 00 00 00 00 00 00 00 00  ................
104c: 00 00 00 00 00 00 00 00 00 01 00 01 00 01 00 01  ................
105c: 00 01 00 01 00 01 00 01 00 01 00 01 00 01 00 01  ................
106c: 00 01 00 01 00 01 00 01 00 01 00 01 00 01 00 01  ................
107c: 00 01 00 01 00 01 00 01 00 01 00 01 00 01 00 01  ................
108c: 00 01 00 01 00 01 00 01 00 01 00 01 00 01 00 01  ................
109c: 00 01 00 01 00 01 00 01 00 01 00 01 00 01 00 01  ................
10ac: 00 01 00 01 00 01 00 01 00 01 00 01 00 01 00 01  ................
10bc: 00 01 00 01 00 01 00 01 00 01 00 01 00 01 00 01  ................
10cc: 00 01 00 01 00 01 00 01 00 01 00 01 00 01 00 01  ................
10dc: 00 01 00 01 00 01 00 01 00 01 00 01 00 01 00 01  ................
10ec: 00 01 00 01 00 01 00 01 00 01 00 01 00 01 00 01  ................
10fc: 00 01 00 01 00 01 00 01 00 01 00 01 00 02 00 03  ................
110c: 00 04 00 04 00 05 00 06 00 04 00 07 00 01 00 08  ................
111c: 00 04 00 09 00 01 00 0a 00 0b 00 0c 00 01 00 0d  ................
112c: 00 04 00 07 00 01 00 08 00 04 00 0e 00 0f 00 10  ................
113c: 00 11 00 12 00 04 00 04 00 01 00 01 00 01 00 01  ................
114c: 00 01 00 01 00 01 00 01 00 01 00 01 00 01 00 13  ................
115c: 00 14 00 14 00 00 00 15 00 16 00 17 00 18 00 19  ................
116c: 00 1a 00 1b 00 01 00 1c 00 00 00 1d 00 01 00 1e  ................
117c: 00 16 00 17 00 18 00 19 00 1a 00 1b 00 01 00 01  ................
118c: 00 01 00 1f 00 20 00 21 00 01 00 01 00 01 00 01  ..... .!........
119c: 00 01 00 01 00 01 00 01 00 01 00 01 00 01 00 01  ................
11ac: 00 01 00 01 00 00 00 22 00 23 00 00 00 24 00 00  .......".#...$..
11bc: 00 25 00 01 00 26 00 00 00 27 00 00 00 28 00 01  .%...&...'...(..
11cc: 00 23 00 00 00 24 00 00 00 25 00 01 00 01 00 01  .#...$...%......
11dc: 00 01 00 00 00 29 00 01 00 01 00 01 00 01 00 01  .....)..........
11ec: 00 01 00 01 00 01 00 01 00 01 00 01 00 01 00 01  ................
11fc: 00 01 00 01 00 00 00 22 00 2a 00 2b 00 2c 00 2d  .......".*.+.,.-
120c: 00 01 00 2e 00 2f 00 30 00 01 00 31 00 32 00 01  ...../.0...1.2..
121c: 00 2a 00 2b 00 2c 00 2d 00 01 00 01 00 01 00 01  .*.+.,.-........
122c: 00 01 00 33 00 34 00 35 00 01 00 01 00 01 00 01  ...3.4.5........
123c: 00 01 00 01 00 01 00 01 00 01 00 01 00 01 00 01  ................
124c: 00 01 00 01 00 36 00 37 00 01 00 38 00 36 00 39  .....6.7...8.6.9
125c: 00 01 00 3a 00 36 00 39 00 01 00 3b 00 36 00 3c  ...:.6.9...;.6.<
126c: 00 01 00 38 00 36 00 39 00 01 00 01 00 01 00 01  ...8.6.9........
127c: 00 01 00 3d 00 3e 00 3e 00 01 00 01 00 01 00 01  ...=.>.>........
128c: 00 01 00 01 00 01 00 01 00 01 00 01 00 01 00 01  ................
129c: 00 01 00 01 00 01 00 01 00 01 00 01 00 01 00 01  ................
12ac: 00 01 00 01 00 01 00 01 00 01 00 01 00 01 00 01  ................
12bc: 00 01 00 01 00 01 00 01 00 01 00 01 00 01 00 01  ................
12cc: 00 01 00 01 00 01 00 01 00 3f 00 3f 00 3f 00 3f  .........?.?.?.?
12dc: 00 3f 00 3f 00 3f 00 3f 00 3f 00 3f 00 3f 00 3f  .?.?.?.?.?.?.?.?
12ec: 00 3f 00 3f 00 3f 00 3f 00 3f 00 3f 00 3f 00 3f  .?.?.?.?.?.?.?.?
12fc: 00 3f 00 3f 00 3f 00 3f 00 3f 00 3f 00 3f 00 3f  .?.?.?.?.?.?.?.?
130c: 00 3f 00 3f 00 3f 00 3f 00 3f 00 3f 00 3f 00 3f  .?.?.?.?.?.?.?.?
131c: 00 3f 00 3f 00 3f 00 3f 00 00 00 00 00 00 00 00  .?.?.?.?........
132c: 00 00 00 00 00 00 00 00 00 00 00 00 00 00 00 00  ................
133c: 00 00 00 00 00 00 00 00 00 00 00 00 00 00 00 00  ................
134c: 00 00 00 00 00 00 00 00 00 00 00 00 00 00 00 00  ................
135c: 00 00 00 00 00 00 00 00 00 00 00 00 00 00 00 00  ................
136c: 00 00 00 00 00 00 00 00 00 00 00 00 00 00 00 00  ................
137c: 00 00 00 00 00 00 00 00 00 00 00 00 00 00 00 00  ................
138c: 00 00 00 00 00 00 00 00 00 00 00 00 00 00 00 00  ................
139c: 00 00 00 00 00 00 00 00 00 00 00 00 00 00 00 00  ................
13ac: 00 00 00 00 00 00 00 00 00 00 00 00 00 00 00 00  ................
13bc: 00 00 00 00 00 00 00 00 00 00 00 00 00 00 00 00  ................
13cc: 00 00 00 00 00 00 00 00 00 00 00 00 00 00 00 00  ................
13dc: 00 00 00 00 00 00 00 00 00 00 00 00 00 00 00 00  ................
13ec: 00 00 00 00 00 00 00 00 00 00 00 00 00 00 00 00  ................
13fc: 00 00 00 00 00 00 00 00 00 00 00 00 00 00 00 00  ................
140c: 00 00 00 00 00 00 00 00 00 00 00 00 00 00 00 00  ................
141c: 00 00 00 00 00 00 00 00 00 00 00 00 00 00 00 00  ................
142c: 00 00 00 00 00 00 00 00 00 00 00 00 00 00 00 00  ................
143c: 00 00 00 00 00 00 00 00 00 00 00 00 00 00 00 00  ................
144c: 00 00 00 00 00 00 00 00 00 00 00 00 00 00 00 00  ................
145c: 00 00 00 00 00 00 00 00 00 00 00 00 00 00 00 00  ................
146c: 00 00 00 00 00 00 00 00 00 00 00 00 00 00 00 00  ................
147c: 00 00 00 00 00 00 00 00 00 00 00 00 00 00 00 00  ................
148c: 00 00 00 00 00 00 00 00 00 00 00 00 00 00 00 00  ................
149c: 00 00 00 00 00 00 00 00 00 00 00 00 00 00 00 00  ................
14ac: 00 00 00 00 00 00 00 00 00 00 00 00 00 00 00 00  ................
14bc: 00 00 00 00 00 00 00 00 00 00 00 00 00 00 00 00  ................
14cc: 00 00 00 00 00 00 00 00 00 00 00 00 00 00 00 00  ................
14dc: 00 00 00 00 00 00 00 00 00 00 00 00 00 00 00 00  ................
14ec: 00 00 00 00 00 00 00 00 00 00 00 00 00 00 00 00  ................
14fc: 00 00 00 00 00 00 00 00 00 00 00 00 00 00 00 00  ................
150c: 00 00 00 00 00 00 00 00 00 00 00 00 00 00 00 00  ................
151c: 00 00 00 00 00 00 00 00 00 00 00 00 00 00 00 00  ................
152c: 00 00 00 00 00 00 00 00 00 00 00 00 00 00 00 00  ................
153c: 00 00 00 00 00 00 00 00 00 00 00 00 00 00 00 00  ................
154c: 00 00 00 00 00 00 00 00 00 00 00 00 00 00 00 00  ................
155c: 00 00 00 00 00 00 00 00 00 00 00 00 00 00 00 00  ................
156c: 00 00 00 00 00 00 00 00 00 00 00 00 00 00 00 00  ................
157c: 00 00 00 00 00 00 00 00 00 00 00 00 00 00 00 00  ................
158c: 00 00 00 00 00 00 00 00 00 00 00 00 00 40 00 41  .............@.A
159c: 00 42 00 42 00 42 00 42 00 00 00 00 00 00 00 00  .B.B.B.B........
15ac: 00 00 00 00 00 00 00 00 00 00 00 00 00 00 00 00  ................
15bc: 00 00 00 00 00 00 00 00 00 00 00 00 00 00 00 00  ................
15cc: 00 00 00 00 00 00 00 00 00 00 00 00 00 00 00 00  ................
15dc: 00 00 00 43 00 44 00 44 00 45 00 45 00 46 00 46  ...C.D.D.E.E.F.F
15ec: 00 46 00 46 00 46 00 46 00 00 00 00 00 00 00 00  .F.F.F.F........
15fc: 00 00 00 00 00 00 00 00 00 00 00 00 00 00 00 00  ................
160c: 00 00 00 00 00 00 00 00 00 00 00 00 00 00 00 00  ................
161c: 00 00 00 00 00 00 00 00 00 00 00 00 00 00 00 00  ................
162c: 00 47 00 48 00 46 00 46 00 49 00 4a 00 4a 00 4a  .G.H.F.F.I.J.J.J
163c: 00 4a 00 4a 00 4a 00 4a 00 00 00 00 00 00 00 00  .J.J.J.J........
164c: 00 00 00 00 00 00 00 00 00 00 00 00 00 00 00 00  ................
165c: 00 00 00 00 00 00 00 00 00 00 00 00 00 00 00 00  ................
166c: 00 00 00 00 00 00 00 00 00 00 00 00 00 00 00 00  ................
167c: 00 4b 00 4c 00 46 00 4d 00 4e 00 00 00 00 00 00  .K.L.F.M.N......
168c: 00 00 00 4f 00 50 00 50 00 00 00 00 00 00 00 00  ...O.P.P........
169c: 00 00 00 00 00 00 00 00 00 00 00 00 00 00 00 00  ................
16ac: 00 00 00 00 00 00 00 00 00 00 00 00 00 00 00 00  ................
16bc: 00 00 00 00 00 00 00 00 00 00 00 00 00 00 00 00  ................
16cc: 00 00 00 00 00 51 00 51 00 52 00 00 00 53 00 54  .....Q.Q.R...S.T
16dc: 00 54 00 55 00 46 00 46 00 00 00 00 00 00 00 00  .T.U.F.F........
16ec: 00 00 00 00 00 00 00 00 00 00 00 00 00 00 00 00  ................
16fc: 00 00 00 00 00 00 00 00 00 00 00 00 00 00 00 00  ................
170c: 00 00 00 00 00 00 00 00 00 00 00 00 00 00 00 00  ................
171c: 00 00 00 00 00 00 00 00 00 00 00 00 00 56 00 57  .............V.W
172c: 00 57 00 57 00 57 00 57 00 00 00 00 00 00 00 00  .W.W.W.W........
173c: 00 00 00 00 00 00 00 00 00 00 00 00 00 00 00 00  ................
174c: 00 00 00 00 00 00 00 00 00 00 00 00 00 00 00 00  ................
175c: 00 00 00 00 00 00 00 00 00 00 00 00 00 00 00 00  ................
176c: 00 00 00 00 00 00 00 00 00 00 00 00 00 58 00 59  .............X.Y
177c: 00 5a 00 5a 00 5a 00 5a 00 00 00 00 00 00 00 00  .Z.Z.Z.Z........
178c: 00 00 00 00 00 00 00 00 00 00 00 00 00 00 00 00  ................
179c: 00 00 00 00 00 00 00 00 00 00 00 00 00 00 00 00  ................
17ac: 00 00 00 00 00 00 00 00 00 00 00 00 00 00 00 00  ................
17bc: 00 00 00 00 00 00 00 00 00 00 00 5b 00 46 00 46  ...........[.F.F
17cc: 00 46 00 5c 00 5d 00 5d 00 00 00 00 00 00 00 00  .F.\.].]........
17dc: 00 00 00 00 00 00 00 00 00 00 00 00 00 00 00 00  ................
17ec: 00 00 00 00 00 00 00 00 00 00 00 00 00 00 00 00  ................
17fc: 00 00 00 00 00 00 00 00 00 00 00 00 00 00 00 00  ................
180c: 00 00 00 00 00 00 00 00 00 00 00 5e 00 5f 00 5f  ...........^._._
181c: 00 5f 00 60 00 61 00 61 00 00 00 00 00 00 00 00  ._.`.a.a........
182c: 00 00 00 00 00 00 00 00 00 00 00 00 00 00 00 00  ................
183c: 00 00 00 00 00 00 00 00 00 00 00 00 00 00 00 00  ................
184c: 00 00 00 00 00 00 00 00 00 00 00 00 00 00 00 00  ................
185c: 00 00 00 00 00 00 00 62 00 42 00 63 00 64 00 64  .......b.B.c.d.d
186c: 00 64 00 64 00 64 00 64 00 00 00 10 0e ee 00 0e  .d.d.d.d........
187c: 02 2e 0a ae 04 4e 06 6e 08 8e 0e 22 0e cc 0e 00  .....N.n..."....
188c: 0e aa 0e 66 00 00 00 00 00 00 00 00 04 14 38 3c  ...f..........8<
189c: 06 6c 00 00 00 00 ff 03 81 3f 00 02 01 00 00 ff  .l.......?......
18ac: ff 00 00 80 9f bf df ff                          ........
18cc: 01 11 11 00 11 00 01 10 11 00 01 10 11 00 01 10  ................
18dc: 11 11 11 10 11 00 01 10 11 00 01 10 00 00 00 00  ................
18ec: 11 11 11 00 11 00 01 10 11 00 01 10 11 11 11 00  ................
18fc: 11 00 01 10 11 00 01 10 11 11 11 00 00 00 00 00  ................
190c: 11 11 11 10 11 00 01 10 11 00 01 10 11 00 00 00  ................
191c: 11 00 01 10 11 00 01 10 11 11 11 10 00 00 00 00  ................
192c: 11 11 11 00 11 00 01 10 11 00 01 10 11 00 01 10  ................
193c: 11 00 01 10 11 00 01 10 11 11 11 00 00 00 00 00  ................
194c: 11 11 11 10 11 00 00 00 11 00 00 00 11 11 11 00  ................
195c: 11 00 00 00 11 00 00 00 11 11 11 10 00 00 00 00  ................
196c: 11 11 11 10 11 00 00 00 11 00 00 00 11 11 11 00  ................
197c: 11 00 00 00 11 00 00 00 11 00 00 00 00 00 00 00  ................
198c: 11 11 11 10 11 00 01 10 11 00 00 00 11 00 11 10  ................
199c: 11 00 01 10 11 00 01 10 11 11 11 10 00 00 00 00  ................
19ac: 11 00 01 10 11 00 01 10 11 00 01 10 11 11 11 10  ................
19bc: 11 00 01 10 11 00 01 10 11 00 01 10 00 00 00 00  ................
19cc: 00 11 10 00 00 11 10 00 00 11 10 00 00 11 10 00  ................
19dc: 00 11 10 00 00 11 10 00 00 11 10 00 00 00 00 00  ................
19ec: 00 00 01 10 00 00 01 10 00 00 01 10 00 00 01 10  ................
19fc: 00 00 01 10 01 10 01 10 01 11 11 10 00 00 00 00  ................
1a0c: 11 00 01 10 11 00 11 00 11 11 10 00 11 11 10 00  ................
1a1c: 11 00 11 00 11 00 01 10 11 00 01 10 00 00 00 00  ................
1a2c: 01 10 00 00 01 10 00 00 01 10 00 00 01 10 00 00  ................
1a3c: 01 10 00 00 01 10 00 00 01 11 11 10 00 00 00 00  ................
1a4c: 11 00 01 10 11 10 11 10 11 11 11 10 11 01 01 10  ................
1a5c: 11 00 01 10 11 00 01 10 11 00 01 10 00 00 00 00  ................
1a6c: 11 00 01 10 11 10 01 10 11 11 01 10 11 01 11 10  ................
1a7c: 11 00 11 10 11 00 01 10 11 00 01 10 00 00 00 00  ................
1a8c: 11 11 11 10 11 00 01 10 11 00 01 10 11 00 01 10  ................
1a9c: 11 00 01 10 11 00 01 10 11 11 11 10 00 00 00 00  ................
1aac: 11 11 11 10 11 00 01 10 11 00 01 10 11 11 11 10  ................
1abc: 11 00 00 00 11 00 00 00 11 00 00 00 00 00 00 00  ................
1acc: 11 11 11 10 11 00 01 10 11 00 01 10 11 00 01 10  ................
1adc: 11 00 11 10 11 00 11 10 11 11 11 10 00 00 00 00  ................
1aec: 11 11 11 10 11 00 01 10 11 00 01 10 11 11 11 00  ................
1afc: 11 00 01 10 11 00 01 10 11 00 01 10 00 00 00 00  ................
1b0c: 11 11 11 10 11 00 01 10 11 00 00 00 11 11 11 10  ................
1b1c: 00 00 01 10 11 00 01 10 11 11 11 10 00 00 00 00  ................
1b2c: 11 11 11 10 00 11 10 00 00 11 10 00 00 11 10 00  ................
1b3c: 00 11 10 00 00 11 10 00 00 11 10 00 00 00 00 00  ................
1b4c: 11 00 01 10 11 00 01 10 11 00 01 10 11 00 01 10  ................
1b5c: 11 00 01 10 11 00 01 10 11 11 11 10 00 00 00 00  ................
1b6c: 11 00 01 10 11 00 01 10 11 00 01 10 11 00 01 10  ................
1b7c: 01 10 11 00 00 11 10 00 00 01 00 00 00 00 00 00  ................
1b8c: 11 00 01 10 11 00 01 10 11 00 01 10 11 01 01 10  ................
1b9c: 11 11 11 10 11 10 11 10 11 00 01 10 00 00 00 00  ................
1bac: 11 00 01 10 11 00 01 10 11 10 11 10 01 11 11 00  ................
1bbc: 11 10 11 10 11 00 01 10 11 00 01 10 00 00 00 00  ................
1bcc: 11 00 01 10 11 00 01 10 11 00 01 10 01 10 11 00  ................
1bdc: 00 11 10 00 00 11 10 00 00 11 10 00 00 00 00 00  ................
1bec: 11 11 11 10 00 00 11 10 00 01 11 00 00 11 10 00  ................
1bfc: 01 11 00 00 11 10 00 00 11 11 11 10 00 00 00 00  ................
1c0c: 00 00 00 00 00 00 00 00 00 00 00 00 00 00 00 00  ................
1c1c: 00 00 00 00 00 00 00 00 00 00 00 00 00 00 00 00  ................


Program Info:
                         LABEL ADDRESS  SCOPE
                        extint 00000200 0
                         hsync 00000200 0
                         vsync 00000200 0
                     interrupt 00000200 0
                         start 00000202 0
               start_init_tmss 00000230 0
              start_video_init 0000023e 0
                start_wait_dma 00000252 0
               start_init_cram 00000268 0
              start_init_vsram 00000276 0
                start_init_psg 00000284 0
                          main 000002b4 0
          ImageJavaGrinder_run 000002d6 0
     _ImageJavaGrinder_pattern 00000310 0
       _ImageJavaGrinder_image 00000fb4 0
     _ImageJavaGrinder_palette 00001878 0
            vdp_reg_init_table 00001898 0
            psg_reg_init_table 000018b0 0
                   _load_fonts 000018b4 0
              _load_fonts_loop 000018c4 0
                          font 000018cc 0
                       fontend 00001c2c 0
                   _clear_text 00001c2c 0
              _clear_text_loop 00001c3c 0
            _set_pattern_table 00001c44 0
       _set_pattern_table_loop 00001c62 0
               _set_image_data 00001c6a 0
          _set_image_data_loop 00001c78 0
        _set_image_data_not_40 00001c8c 0
           _set_palette_colors 00001c92 0
      _set_palette_colors_loop 00001c9c 0
 -> Total symbols: 31

Include Paths: .
               /home/mark
               /usr/local/share/naken_asm/include
               include
 Instructions: 108
   Code Bytes: 410
   Data Bytes: 6920
  Low Address: 0000 (0)
 High Address: 1ca3 (7331)

